Jun-26 09:39:05.457 [main] DEBUG nextflow.cli.Launcher - $> nextflow run general_workflow.nf -resume
Jun-26 09:39:05.569 [main] DEBUG nextflow.cli.CmdRun - N E X T F L O W  ~  version 24.04.2
Jun-26 09:39:05.599 [main] DEBUG nextflow.plugin.PluginsFacade - Setting up plugin manager > mode=prod; embedded=false; plugins-dir=/home/pestoup/.nextflow/plugins; core-plugins: nf-amazon@2.5.2,nf-azure@1.6.0,nf-cloudcache@0.4.1,nf-codecommit@0.2.0,nf-console@1.1.3,nf-ga4gh@1.3.0,nf-google@1.13.2,nf-tower@1.9.1,nf-wave@1.4.2
Jun-26 09:39:05.614 [main] INFO  o.pf4j.DefaultPluginStatusProvider - Enabled plugins: []
Jun-26 09:39:05.615 [main] INFO  o.pf4j.DefaultPluginStatusProvider - Disabled plugins: []
Jun-26 09:39:05.620 [main] INFO  org.pf4j.DefaultPluginManager - PF4J version 3.10.0 in 'deployment' mode
Jun-26 09:39:05.638 [main] INFO  org.pf4j.AbstractPluginManager - No plugins
Jun-26 09:39:05.666 [main] DEBUG nextflow.config.ConfigBuilder - Found config local: /home/pestoup/VIRUS_HOLOGREEN/Taxonomy/Gene_annotation/viral_marker_annotation/orf_finding/nextflow.config
Jun-26 09:39:05.669 [main] DEBUG nextflow.config.ConfigBuilder - Parsing config file: /home/pestoup/VIRUS_HOLOGREEN/Taxonomy/Gene_annotation/viral_marker_annotation/orf_finding/nextflow.config
Jun-26 09:39:05.708 [main] DEBUG n.secret.LocalSecretsProvider - Secrets store: /home/pestoup/.nextflow/secrets/store.json
Jun-26 09:39:05.712 [main] DEBUG nextflow.secret.SecretsLoader - Discovered secrets providers: [nextflow.secret.LocalSecretsProvider@5491f68b] - activable => nextflow.secret.LocalSecretsProvider@5491f68b
Jun-26 09:39:05.720 [main] DEBUG nextflow.config.ConfigBuilder - Applying config profile: `standard`
Jun-26 09:39:06.548 [main] DEBUG nextflow.cli.CmdRun - Applied DSL=2 from script declaration
Jun-26 09:39:06.574 [main] DEBUG nextflow.cli.CmdRun - Launching `general_workflow.nf` [serene_neumann] DSL2 - revision: 3e9a2024c3
Jun-26 09:39:06.577 [main] DEBUG nextflow.plugin.PluginsFacade - Plugins default=[]
Jun-26 09:39:06.577 [main] DEBUG nextflow.plugin.PluginsFacade - Plugins resolved requirement=[]
Jun-26 09:39:06.654 [main] DEBUG nextflow.Session - Session UUID: 46ce7aee-aafd-4d9d-9367-1cdb87c0c1bd
Jun-26 09:39:06.656 [main] DEBUG nextflow.Session - Run name: serene_neumann
Jun-26 09:39:06.656 [main] DEBUG nextflow.Session - Executor pool size: 22
Jun-26 09:39:06.667 [main] DEBUG nextflow.file.FilePorter - File porter settings maxRetries=3; maxTransfers=50; pollTimeout=null
Jun-26 09:39:06.676 [main] DEBUG nextflow.util.ThreadPoolBuilder - Creating thread pool 'FileTransfer' minSize=10; maxSize=66; workQueue=LinkedBlockingQueue[10000]; allowCoreThreadTimeout=false
Jun-26 09:39:06.710 [main] DEBUG nextflow.cli.CmdRun - 
  Version: 24.04.2 build 5914
  Created: 29-05-2024 06:19 UTC (08:19 CEST)
  System: Linux 4.15.18-30-pve
  Runtime: Groovy 4.0.21 on OpenJDK 64-Bit Server VM 11.0.23+9-post-Ubuntu-1ubuntu120.04.2
  Encoding: UTF-8 (UTF-8)
  Process: 4578@bioinfo [195.221.212.102]
  CPUs: 22 - Mem: 244.5 GB (243.3 GB) - Swap: 16 GB (16 GB)
Jun-26 09:39:06.745 [main] DEBUG nextflow.Session - Work-dir: /home/pestoup/VIRUS_HOLOGREEN/Taxonomy/Gene_annotation/viral_marker_annotation/orf_finding/logs/work [zfs]
Jun-26 09:39:06.746 [main] DEBUG nextflow.Session - Script base path does not exist or is not a directory: /home/pestoup/VIRUS_HOLOGREEN/Taxonomy/Gene_annotation/viral_marker_annotation/orf_finding/bin
Jun-26 09:39:06.759 [main] DEBUG nextflow.executor.ExecutorFactory - Extension executors providers=[]
Jun-26 09:39:06.773 [main] DEBUG nextflow.Session - Observer factory: DefaultObserverFactory
Jun-26 09:39:06.844 [main] DEBUG nextflow.cache.CacheFactory - Using Nextflow cache factory: nextflow.cache.DefaultCacheFactory
Jun-26 09:39:06.857 [main] DEBUG nextflow.util.CustomThreadPool - Creating default thread pool > poolSize: 23; maxThreads: 1000
Jun-26 09:39:07.035 [main] DEBUG nextflow.Session - Session start
Jun-26 09:39:07.038 [main] DEBUG nextflow.trace.TraceFileObserver - Workflow started -- trace file: /home/pestoup/VIRUS_HOLOGREEN/Taxonomy/Gene_annotation/viral_marker_annotation/orf_finding/logs/trace.txt
Jun-26 09:39:07.805 [main] DEBUG nextflow.script.ScriptRunner - > Launching execution
Jun-26 09:39:07.928 [main] DEBUG nextflow.executor.ExecutorFactory - << taskConfig executor: local
Jun-26 09:39:07.929 [main] DEBUG nextflow.executor.ExecutorFactory - >> processorType: 'local'
Jun-26 09:39:07.937 [main] DEBUG nextflow.executor.Executor - [warm up] executor > local
Jun-26 09:39:07.946 [main] DEBUG n.processor.LocalPollingMonitor - Creating local task monitor for executor 'local' > cpus=22; memory=244.5 GB; capacity=22; pollInterval=100ms; dumpInterval=5m
Jun-26 09:39:07.949 [main] DEBUG n.processor.TaskPollingMonitor - >>> barrier register (monitor: local)
Jun-26 09:39:08.066 [main] DEBUG nextflow.executor.ExecutorFactory - << taskConfig executor: local
Jun-26 09:39:08.066 [main] DEBUG nextflow.executor.ExecutorFactory - >> processorType: 'local'
Jun-26 09:39:08.077 [main] DEBUG nextflow.executor.ExecutorFactory - << taskConfig executor: local
Jun-26 09:39:08.078 [main] DEBUG nextflow.executor.ExecutorFactory - >> processorType: 'local'
Jun-26 09:39:08.085 [main] DEBUG nextflow.executor.ExecutorFactory - << taskConfig executor: local
Jun-26 09:39:08.085 [main] DEBUG nextflow.executor.ExecutorFactory - >> processorType: 'local'
Jun-26 09:39:08.092 [main] DEBUG nextflow.executor.ExecutorFactory - << taskConfig executor: local
Jun-26 09:39:08.092 [main] DEBUG nextflow.executor.ExecutorFactory - >> processorType: 'local'
Jun-26 09:39:08.100 [main] DEBUG nextflow.executor.ExecutorFactory - << taskConfig executor: local
Jun-26 09:39:08.100 [main] DEBUG nextflow.executor.ExecutorFactory - >> processorType: 'local'
Jun-26 09:39:08.107 [main] DEBUG nextflow.executor.ExecutorFactory - << taskConfig executor: local
Jun-26 09:39:08.108 [main] DEBUG nextflow.executor.ExecutorFactory - >> processorType: 'local'
Jun-26 09:39:08.116 [main] DEBUG nextflow.executor.ExecutorFactory - << taskConfig executor: local
Jun-26 09:39:08.116 [main] DEBUG nextflow.executor.ExecutorFactory - >> processorType: 'local'
Jun-26 09:39:08.125 [main] DEBUG nextflow.executor.ExecutorFactory - << taskConfig executor: local
Jun-26 09:39:08.125 [main] DEBUG nextflow.executor.ExecutorFactory - >> processorType: 'local'
Jun-26 09:39:08.134 [main] DEBUG nextflow.executor.ExecutorFactory - << taskConfig executor: local
Jun-26 09:39:08.134 [main] DEBUG nextflow.executor.ExecutorFactory - >> processorType: 'local'
Jun-26 09:39:08.138 [main] DEBUG nextflow.Session - Workflow process names [dsl2]: _1F_combinedorf, _1E_extract_miniprot_results, _5_final_treatment, _1A_prodigalsearch, _1C_miniprotinit, _1D_miniprotsearch, _2_general_alignment, _1B_miniprotinit, _3_DNApolthrim, _4_polinto_thrim
Jun-26 09:39:08.140 [main] DEBUG nextflow.Session - Igniting dataflow network (10)
Jun-26 09:39:08.140 [main] DEBUG nextflow.processor.TaskProcessor - Starting process > _1A_prodigalsearch
Jun-26 09:39:08.141 [main] DEBUG nextflow.processor.TaskProcessor - Starting process > _1B_miniprotinit
Jun-26 09:39:08.142 [main] DEBUG nextflow.processor.TaskProcessor - Starting process > _1C_miniprotinit
Jun-26 09:39:08.143 [main] DEBUG nextflow.processor.TaskProcessor - Starting process > _1D_miniprotsearch
Jun-26 09:39:08.143 [main] DEBUG nextflow.processor.TaskProcessor - Starting process > _1E_extract_miniprot_results
Jun-26 09:39:08.144 [main] DEBUG nextflow.processor.TaskProcessor - Starting process > _1F_combinedorf
Jun-26 09:39:08.144 [main] DEBUG nextflow.processor.TaskProcessor - Starting process > _2_general_alignment
Jun-26 09:39:08.145 [main] DEBUG nextflow.processor.TaskProcessor - Starting process > _3_DNApolthrim
Jun-26 09:39:08.146 [main] DEBUG nextflow.processor.TaskProcessor - Starting process > _4_polinto_thrim
Jun-26 09:39:08.146 [main] DEBUG nextflow.processor.TaskProcessor - Starting process > _5_final_treatment
Jun-26 09:39:08.147 [main] DEBUG nextflow.script.ScriptRunner - Parsed script files:
  Script_049affd30b8ba0b4: /home/pestoup/VIRUS_HOLOGREEN/Taxonomy/Gene_annotation/viral_marker_annotation/orf_finding/general_workflow.nf
Jun-26 09:39:08.147 [main] DEBUG nextflow.script.ScriptRunner - > Awaiting termination 
Jun-26 09:39:08.147 [main] DEBUG nextflow.Session - Session await
Jun-26 09:39:08.302 [Actor Thread 15] DEBUG nextflow.conda.CondaCache - conda found local env for environment=bioconda::prodigal; path=/home/pestoup/VIRUS_HOLOGREEN/Taxonomy/Gene_annotation/viral_marker_annotation/orf_finding/logs/work/conda/env-cb4b8b70fae1d99062d5501573cfd394
Jun-26 09:39:08.469 [Actor Thread 13] INFO  nextflow.processor.TaskProcessor - [f9/0aa336] Cached process > _1A_prodigalsearch
Jun-26 09:39:08.536 [Actor Thread 23] DEBUG nextflow.conda.CondaCache - conda found local env for environment=bioconda::mmseqs2; path=/home/pestoup/VIRUS_HOLOGREEN/Taxonomy/Gene_annotation/viral_marker_annotation/orf_finding/logs/work/conda/env-21f86bbba16644a196d4a96d18b105ee
Jun-26 09:39:08.545 [Actor Thread 20] INFO  nextflow.processor.TaskProcessor - [eb/03de90] Cached process > _1B_miniprotinit
Jun-26 09:39:08.559 [Actor Thread 20] INFO  nextflow.processor.TaskProcessor - [cd/0919de] Cached process > _1C_miniprotinit
Jun-26 09:39:08.574 [Actor Thread 20] INFO  nextflow.processor.TaskProcessor - [f2/35e451] Cached process > _1D_miniprotsearch
Jun-26 09:39:08.589 [Actor Thread 20] INFO  nextflow.processor.TaskProcessor - [95/f72cc1] Cached process > _1E_extract_miniprot_results
Jun-26 09:39:08.602 [Actor Thread 20] DEBUG nextflow.conda.CondaCache - conda found local env for environment=bioconda::cd-hit; path=/home/pestoup/VIRUS_HOLOGREEN/Taxonomy/Gene_annotation/viral_marker_annotation/orf_finding/logs/work/conda/env-9fd501d97b8ad95c9263587f57a8c952
Jun-26 09:39:08.611 [Actor Thread 22] INFO  nextflow.processor.TaskProcessor - [62/188c47] Cached process > _1F_combinedorf
Jun-26 09:39:08.640 [Actor Thread 22] INFO  nextflow.processor.TaskProcessor - [2d/bbc63e] Cached process > _2_general_alignment
Jun-26 09:39:08.763 [Task submitter] DEBUG n.executor.local.LocalTaskHandler - Launch cmd line: /bin/bash -ue .command.run
Jun-26 09:39:08.766 [Task submitter] INFO  nextflow.Session - [5a/201f3b] Submitted process > _3_DNApolthrim
Jun-26 09:44:08.080 [Task monitor] DEBUG n.processor.TaskPollingMonitor - !! executor local > tasks to be completed: 1 -- submitted tasks are shown below
~> TaskHandler[id: 8; name: _3_DNApolthrim; status: RUNNING; exit: -; error: -; workDir: /home/pestoup/VIRUS_HOLOGREEN/Taxonomy/Gene_annotation/viral_marker_annotation/orf_finding/logs/work/5a/201f3b75dbe929d93ef74ab51ebf53]
Jun-26 09:49:08.174 [Task monitor] DEBUG n.processor.TaskPollingMonitor - !! executor local > tasks to be completed: 1 -- submitted tasks are shown below
~> TaskHandler[id: 8; name: _3_DNApolthrim; status: RUNNING; exit: -; error: -; workDir: /home/pestoup/VIRUS_HOLOGREEN/Taxonomy/Gene_annotation/viral_marker_annotation/orf_finding/logs/work/5a/201f3b75dbe929d93ef74ab51ebf53]
Jun-26 09:53:43.433 [Task monitor] DEBUG n.processor.TaskPollingMonitor - Task completed > TaskHandler[id: 8; name: _3_DNApolthrim; status: COMPLETED; exit: 0; error: -; workDir: /home/pestoup/VIRUS_HOLOGREEN/Taxonomy/Gene_annotation/viral_marker_annotation/orf_finding/logs/work/5a/201f3b75dbe929d93ef74ab51ebf53]
Jun-26 09:53:43.435 [Task monitor] DEBUG nextflow.util.ThreadPoolBuilder - Creating thread pool 'TaskFinalizer' minSize=10; maxSize=66; workQueue=LinkedBlockingQueue[10000]; allowCoreThreadTimeout=false
Jun-26 09:53:43.475 [Task submitter] DEBUG n.executor.local.LocalTaskHandler - Launch cmd line: /bin/bash -ue .command.run
Jun-26 09:53:43.475 [Task submitter] INFO  nextflow.Session - [0d/b027d2] Submitted process > _4_polinto_thrim
Jun-26 09:53:56.346 [Task monitor] DEBUG n.processor.TaskPollingMonitor - Task completed > TaskHandler[id: 9; name: _4_polinto_thrim; status: COMPLETED; exit: 0; error: -; workDir: /home/pestoup/VIRUS_HOLOGREEN/Taxonomy/Gene_annotation/viral_marker_annotation/orf_finding/logs/work/0d/b027d24c4477146d7b1b38b1501c34]
Jun-26 09:53:56.367 [Task submitter] DEBUG n.executor.local.LocalTaskHandler - Launch cmd line: /bin/bash -ue .command.run
Jun-26 09:53:56.368 [Task submitter] INFO  nextflow.Session - [f0/a46ae4] Submitted process > _5_final_treatment
Jun-26 09:53:56.551 [Task monitor] DEBUG n.processor.TaskPollingMonitor - Task completed > TaskHandler[id: 10; name: _5_final_treatment; status: COMPLETED; exit: 0; error: -; workDir: /home/pestoup/VIRUS_HOLOGREEN/Taxonomy/Gene_annotation/viral_marker_annotation/orf_finding/logs/work/f0/a46ae4205bc9833566f8c6800044d9]
Jun-26 09:53:56.554 [main] DEBUG nextflow.Session - Session await > all processes finished
Jun-26 09:53:56.652 [Task monitor] DEBUG n.processor.TaskPollingMonitor - <<< barrier arrives (monitor: local) - terminating tasks monitor poll loop
Jun-26 09:53:56.656 [main] DEBUG nextflow.Session - Session await > all barriers passed
Jun-26 09:53:56.664 [main] DEBUG nextflow.util.ThreadPoolManager - Thread pool 'TaskFinalizer' shutdown completed (hard=false)
Jun-26 09:53:56.672 [main] DEBUG n.trace.WorkflowStatsObserver - Workflow completed > WorkflowStats[succeededCount=3; failedCount=0; ignoredCount=0; cachedCount=7; pendingCount=0; submittedCount=0; runningCount=0; retriesCount=0; abortedCount=0; succeedDuration=5h 24m 12s; failedDuration=0ms; cachedDuration=6d 23h 50m 13s;loadCpus=0; loadMemory=0; peakRunning=1; peakCpus=22; peakMemory=128 GB; ]
Jun-26 09:53:56.672 [main] DEBUG nextflow.trace.TraceFileObserver - Workflow completed -- saving trace file
Jun-26 09:53:56.674 [main] DEBUG nextflow.trace.ReportObserver - Workflow completed -- rendering execution report
Jun-26 09:53:57.612 [main] DEBUG nextflow.trace.TimelineObserver - Workflow completed -- rendering execution timeline
Jun-26 09:53:57.881 [main] DEBUG nextflow.cache.CacheDB - Closing CacheDB done
Jun-26 09:53:57.893 [main] DEBUG nextflow.util.ThreadPoolManager - Thread pool 'FileTransfer' shutdown completed (hard=false)
Jun-26 09:53:57.893 [main] DEBUG nextflow.script.ScriptRunner - > Execution complete -- Goodbye
