Aug-27 11:58:41.314 [main] DEBUG nextflow.cli.Launcher - $> nextflow run general_workflow.nf
Aug-27 11:58:41.547 [main] DEBUG nextflow.cli.CmdRun - N E X T F L O W  ~  version 24.04.4
Aug-27 11:58:41.582 [main] DEBUG nextflow.plugin.PluginsFacade - Setting up plugin manager > mode=prod; embedded=false; plugins-dir=/home/pestoup/.nextflow/plugins; core-plugins: nf-amazon@2.5.3,nf-azure@1.6.1,nf-cloudcache@0.4.1,nf-codecommit@0.2.1,nf-console@1.1.3,nf-ga4gh@1.3.0,nf-google@1.13.2-patch1,nf-tower@1.9.1,nf-wave@1.4.2-patch1
Aug-27 11:58:41.601 [main] INFO  o.pf4j.DefaultPluginStatusProvider - Enabled plugins: []
Aug-27 11:58:41.603 [main] INFO  o.pf4j.DefaultPluginStatusProvider - Disabled plugins: []
Aug-27 11:58:41.609 [main] INFO  org.pf4j.DefaultPluginManager - PF4J version 3.12.0 in 'deployment' mode
Aug-27 11:58:41.632 [main] INFO  org.pf4j.AbstractPluginManager - No plugins
Aug-27 11:58:41.670 [main] DEBUG nextflow.config.ConfigBuilder - Found config local: /home/pestoup/Documents/VIRUS_HOLOGREEN/Taxonomy/Gene_annotation/viral_marker_annotation/phylogeny2/nextflow.config
Aug-27 11:58:41.674 [main] DEBUG nextflow.config.ConfigBuilder - Parsing config file: /home/pestoup/Documents/VIRUS_HOLOGREEN/Taxonomy/Gene_annotation/viral_marker_annotation/phylogeny2/nextflow.config
Aug-27 11:58:41.727 [main] DEBUG n.secret.LocalSecretsProvider - Secrets store: /home/pestoup/.nextflow/secrets/store.json
Aug-27 11:58:41.733 [main] DEBUG nextflow.secret.SecretsLoader - Discovered secrets providers: [nextflow.secret.LocalSecretsProvider@644abb8f] - activable => nextflow.secret.LocalSecretsProvider@644abb8f
Aug-27 11:58:41.741 [main] DEBUG nextflow.config.ConfigBuilder - Applying config profile: `standard`
Aug-27 11:58:42.610 [main] DEBUG nextflow.cli.CmdRun - Applied DSL=2 from script declaration
Aug-27 11:58:42.635 [main] DEBUG nextflow.cli.CmdRun - Launching `general_workflow.nf` [festering_bernard] DSL2 - revision: 51ed18f6fa
Aug-27 11:58:42.637 [main] DEBUG nextflow.plugin.PluginsFacade - Plugins default=[]
Aug-27 11:58:42.638 [main] DEBUG nextflow.plugin.PluginsFacade - Plugins resolved requirement=[]
Aug-27 11:58:42.719 [main] DEBUG nextflow.Session - Session UUID: 76583cd9-b6d9-4a35-900c-e931a639bcb6
Aug-27 11:58:42.720 [main] DEBUG nextflow.Session - Run name: festering_bernard
Aug-27 11:58:42.720 [main] DEBUG nextflow.Session - Executor pool size: 22
Aug-27 11:58:42.731 [main] DEBUG nextflow.file.FilePorter - File porter settings maxRetries=3; maxTransfers=50; pollTimeout=null
Aug-27 11:58:42.739 [main] DEBUG nextflow.util.ThreadPoolBuilder - Creating thread pool 'FileTransfer' minSize=10; maxSize=66; workQueue=LinkedBlockingQueue[10000]; allowCoreThreadTimeout=false
Aug-27 11:58:42.771 [main] DEBUG nextflow.cli.CmdRun - 
  Version: 24.04.4 build 5917
  Created: 01-08-2024 07:05 UTC (09:05 CEST)
  System: Linux 4.15.18-30-pve
  Runtime: Groovy 4.0.21 on OpenJDK 64-Bit Server VM 11.0.24+8-post-Ubuntu-1ubuntu320.04
  Encoding: UTF-8 (UTF-8)
  Process: 40461@bioinfo [195.221.212.102]
  CPUs: 22 - Mem: 244.5 GB (227.1 GB) - Swap: 16 GB (16 GB)
Aug-27 11:58:42.798 [main] DEBUG nextflow.Session - Work-dir: /home/pestoup/Documents/VIRUS_HOLOGREEN/Taxonomy/Gene_annotation/viral_marker_annotation/phylogeny2/logs/work [zfs]
Aug-27 11:58:42.799 [main] DEBUG nextflow.Session - Script base path does not exist or is not a directory: /home/pestoup/Documents/VIRUS_HOLOGREEN/Taxonomy/Gene_annotation/viral_marker_annotation/phylogeny2/bin
Aug-27 11:58:42.813 [main] DEBUG nextflow.executor.ExecutorFactory - Extension executors providers=[]
Aug-27 11:58:42.827 [main] DEBUG nextflow.Session - Observer factory: DefaultObserverFactory
Aug-27 11:58:42.898 [main] DEBUG nextflow.cache.CacheFactory - Using Nextflow cache factory: nextflow.cache.DefaultCacheFactory
Aug-27 11:58:42.913 [main] DEBUG nextflow.util.CustomThreadPool - Creating default thread pool > poolSize: 23; maxThreads: 1000
Aug-27 11:58:43.030 [main] DEBUG nextflow.Session - Session start
Aug-27 11:58:43.033 [main] DEBUG nextflow.trace.TraceFileObserver - Workflow started -- trace file: /home/pestoup/Documents/VIRUS_HOLOGREEN/Taxonomy/Gene_annotation/viral_marker_annotation/phylogeny2/logs/trace.txt
Aug-27 11:58:43.617 [main] DEBUG nextflow.script.ScriptRunner - > Launching execution
Aug-27 11:58:43.742 [main] DEBUG nextflow.executor.ExecutorFactory - << taskConfig executor: local
Aug-27 11:58:43.742 [main] DEBUG nextflow.executor.ExecutorFactory - >> processorType: 'local'
Aug-27 11:58:43.751 [main] DEBUG nextflow.executor.Executor - [warm up] executor > local
Aug-27 11:58:43.760 [main] DEBUG n.processor.LocalPollingMonitor - Creating local task monitor for executor 'local' > cpus=22; memory=244.5 GB; capacity=22; pollInterval=100ms; dumpInterval=5m
Aug-27 11:58:43.764 [main] DEBUG n.processor.TaskPollingMonitor - >>> barrier register (monitor: local)
Aug-27 11:58:43.897 [main] DEBUG nextflow.executor.ExecutorFactory - << taskConfig executor: local
Aug-27 11:58:43.897 [main] DEBUG nextflow.executor.ExecutorFactory - >> processorType: 'local'
Aug-27 11:58:43.909 [main] DEBUG nextflow.executor.ExecutorFactory - << taskConfig executor: local
Aug-27 11:58:43.910 [main] DEBUG nextflow.executor.ExecutorFactory - >> processorType: 'local'
Aug-27 11:58:43.917 [main] DEBUG nextflow.executor.ExecutorFactory - << taskConfig executor: local
Aug-27 11:58:43.917 [main] DEBUG nextflow.executor.ExecutorFactory - >> processorType: 'local'
Aug-27 11:58:43.925 [main] DEBUG nextflow.executor.ExecutorFactory - << taskConfig executor: local
Aug-27 11:58:43.926 [main] DEBUG nextflow.executor.ExecutorFactory - >> processorType: 'local'
Aug-27 11:58:43.935 [main] DEBUG nextflow.executor.ExecutorFactory - << taskConfig executor: local
Aug-27 11:58:43.936 [main] DEBUG nextflow.executor.ExecutorFactory - >> processorType: 'local'
Aug-27 11:58:43.942 [main] DEBUG nextflow.Session - Workflow process names [dsl2]: _6_tree, _2_dup_remove, _3_size_filter, _4_analysis, _1_filter_eval_refbounds, _5_alignment
Aug-27 11:58:43.943 [main] DEBUG nextflow.Session - Igniting dataflow network (6)
Aug-27 11:58:43.944 [main] DEBUG nextflow.processor.TaskProcessor - Starting process > _1_filter_eval_refbounds
Aug-27 11:58:43.944 [main] DEBUG nextflow.processor.TaskProcessor - Starting process > _2_dup_remove
Aug-27 11:58:43.945 [main] DEBUG nextflow.processor.TaskProcessor - Starting process > _3_size_filter
Aug-27 11:58:43.946 [main] DEBUG nextflow.processor.TaskProcessor - Starting process > _4_analysis
Aug-27 11:58:43.946 [main] DEBUG nextflow.processor.TaskProcessor - Starting process > _5_alignment
Aug-27 11:58:43.947 [main] DEBUG nextflow.processor.TaskProcessor - Starting process > _6_tree
Aug-27 11:58:43.948 [main] DEBUG nextflow.script.ScriptRunner - Parsed script files:
  Script_0bb338e0cf7cbdcd: /home/pestoup/Documents/VIRUS_HOLOGREEN/Taxonomy/Gene_annotation/viral_marker_annotation/phylogeny2/general_workflow.nf
Aug-27 11:58:43.949 [main] DEBUG nextflow.script.ScriptRunner - > Awaiting termination 
Aug-27 11:58:43.949 [main] DEBUG nextflow.Session - Session await
Aug-27 11:58:44.086 [Actor Thread 11] DEBUG nextflow.conda.CondaCache - conda found local env for environment=bioconda::mmseqs2 conda-forge::pandas conda-forge::matplotlib conda-forge::seaborn conda-forge::biopython; path=/home/pestoup/Documents/VIRUS_HOLOGREEN/Taxonomy/Gene_annotation/viral_marker_annotation/phylogeny2/logs/work/conda/env-0742acb7b66447a7f9ad1677c8e7d116
Aug-27 11:58:44.201 [Task submitter] DEBUG n.executor.local.LocalTaskHandler - Launch cmd line: /bin/bash -ue .command.run
Aug-27 11:58:44.204 [Task submitter] INFO  nextflow.Session - [41/b56933] Submitted process > _1_filter_eval_refbounds
Aug-27 11:59:12.229 [Task monitor] DEBUG n.processor.TaskPollingMonitor - Task completed > TaskHandler[id: 1; name: _1_filter_eval_refbounds; status: COMPLETED; exit: 0; error: -; workDir: /home/pestoup/Documents/VIRUS_HOLOGREEN/Taxonomy/Gene_annotation/viral_marker_annotation/phylogeny2/logs/work/41/b569333705fa681e6d38a2ac9a9108]
Aug-27 11:59:12.230 [Task monitor] DEBUG nextflow.util.ThreadPoolBuilder - Creating thread pool 'TaskFinalizer' minSize=10; maxSize=66; workQueue=LinkedBlockingQueue[10000]; allowCoreThreadTimeout=false
Aug-27 11:59:12.285 [Actor Thread 20] DEBUG nextflow.conda.CondaCache - conda found local env for environment=conda-forge::biopython  conda-forge::pandas; path=/home/pestoup/Documents/VIRUS_HOLOGREEN/Taxonomy/Gene_annotation/viral_marker_annotation/phylogeny2/logs/work/conda/env-4d43ea30fc30c81a4d20c636ecbbd758
Aug-27 11:59:12.303 [Task submitter] DEBUG n.executor.local.LocalTaskHandler - Launch cmd line: /bin/bash -ue .command.run
Aug-27 11:59:12.304 [Task submitter] INFO  nextflow.Session - [7a/a1394d] Submitted process > _2_dup_remove
Aug-27 11:59:15.380 [Task monitor] DEBUG n.processor.TaskPollingMonitor - Task completed > TaskHandler[id: 2; name: _2_dup_remove; status: COMPLETED; exit: 0; error: -; workDir: /home/pestoup/Documents/VIRUS_HOLOGREEN/Taxonomy/Gene_annotation/viral_marker_annotation/phylogeny2/logs/work/7a/a1394d6dcbe6346316587cfe1037c7]
Aug-27 11:59:15.409 [Task submitter] DEBUG n.executor.local.LocalTaskHandler - Launch cmd line: /bin/bash -ue .command.run
Aug-27 11:59:15.410 [Task submitter] INFO  nextflow.Session - [53/e1b9d6] Submitted process > _3_size_filter
Aug-27 11:59:51.820 [Task monitor] DEBUG n.processor.TaskPollingMonitor - Task completed > TaskHandler[id: 3; name: _3_size_filter; status: COMPLETED; exit: 0; error: -; workDir: /home/pestoup/Documents/VIRUS_HOLOGREEN/Taxonomy/Gene_annotation/viral_marker_annotation/phylogeny2/logs/work/53/e1b9d689b5d106b327b3705ab305d7]
Aug-27 11:59:51.865 [Task submitter] DEBUG n.executor.local.LocalTaskHandler - Launch cmd line: /bin/bash -ue .command.run
Aug-27 11:59:51.866 [Task submitter] INFO  nextflow.Session - [28/5e6f47] Submitted process > _4_analysis
Aug-27 12:00:01.590 [Task monitor] DEBUG n.processor.TaskPollingMonitor - Task completed > TaskHandler[id: 4; name: _4_analysis; status: COMPLETED; exit: 0; error: -; workDir: /home/pestoup/Documents/VIRUS_HOLOGREEN/Taxonomy/Gene_annotation/viral_marker_annotation/phylogeny2/logs/work/28/5e6f470deb43cbb2d0ae2cf15e7464]
Aug-27 12:00:01.605 [Actor Thread 18] INFO  nextflow.conda.CondaCache - Creating env using conda: conda-forge::numpy conda-forge::biopython [cache /home/pestoup/Documents/VIRUS_HOLOGREEN/Taxonomy/Gene_annotation/viral_marker_annotation/phylogeny2/logs/work/conda/env-ac7a7d1aab17f042dfc87eaa2284e842]
Aug-27 12:00:36.361 [Actor Thread 18] DEBUG nextflow.conda.CondaCache - 'conda' create complete env=conda-forge::numpy conda-forge::biopython path=/home/pestoup/Documents/VIRUS_HOLOGREEN/Taxonomy/Gene_annotation/viral_marker_annotation/phylogeny2/logs/work/conda/env-ac7a7d1aab17f042dfc87eaa2284e842
Aug-27 12:00:36.374 [Task submitter] DEBUG n.executor.local.LocalTaskHandler - Launch cmd line: /bin/bash -ue .command.run
Aug-27 12:00:36.375 [Task submitter] INFO  nextflow.Session - [b0/c7aaf4] Submitted process > _5_alignment
Aug-27 12:02:01.733 [Task monitor] DEBUG n.processor.TaskPollingMonitor - Task completed > TaskHandler[id: 5; name: _5_alignment; status: COMPLETED; exit: 0; error: -; workDir: /home/pestoup/Documents/VIRUS_HOLOGREEN/Taxonomy/Gene_annotation/viral_marker_annotation/phylogeny2/logs/work/b0/c7aaf4bff4355ee7c5c47321209edb]
Aug-27 12:02:01.745 [Actor Thread 18] INFO  nextflow.conda.CondaCache - Creating env using conda: conda-forge::ete3 conda-forge::biopython [cache /home/pestoup/Documents/VIRUS_HOLOGREEN/Taxonomy/Gene_annotation/viral_marker_annotation/phylogeny2/logs/work/conda/env-93e9598885b67e69c8af93e04348a89a]
Aug-27 12:02:45.725 [Actor Thread 18] DEBUG nextflow.conda.CondaCache - 'conda' create complete env=conda-forge::ete3 conda-forge::biopython path=/home/pestoup/Documents/VIRUS_HOLOGREEN/Taxonomy/Gene_annotation/viral_marker_annotation/phylogeny2/logs/work/conda/env-93e9598885b67e69c8af93e04348a89a
Aug-27 12:02:45.741 [Task submitter] DEBUG n.executor.local.LocalTaskHandler - Launch cmd line: /bin/bash -ue .command.run
Aug-27 12:02:45.741 [Task submitter] INFO  nextflow.Session - [a8/8dad0c] Submitted process > _6_tree
Aug-27 12:03:43.915 [Task monitor] DEBUG n.processor.TaskPollingMonitor - !! executor local > tasks to be completed: 1 -- submitted tasks are shown below
~> TaskHandler[id: 6; name: _6_tree; status: RUNNING; exit: -; error: -; workDir: /home/pestoup/Documents/VIRUS_HOLOGREEN/Taxonomy/Gene_annotation/viral_marker_annotation/phylogeny2/logs/work/a8/8dad0ce1f486234522b7c04eccfe3d]
Aug-27 12:05:33.667 [Task monitor] DEBUG n.processor.TaskPollingMonitor - Task completed > TaskHandler[id: 6; name: _6_tree; status: COMPLETED; exit: 0; error: -; workDir: /home/pestoup/Documents/VIRUS_HOLOGREEN/Taxonomy/Gene_annotation/viral_marker_annotation/phylogeny2/logs/work/a8/8dad0ce1f486234522b7c04eccfe3d]
Aug-27 12:05:33.670 [main] DEBUG nextflow.Session - Session await > all processes finished
Aug-27 12:05:33.768 [Task monitor] DEBUG n.processor.TaskPollingMonitor - <<< barrier arrives (monitor: local) - terminating tasks monitor poll loop
Aug-27 12:05:33.769 [main] DEBUG nextflow.Session - Session await > all barriers passed
Aug-27 12:05:33.773 [main] DEBUG nextflow.util.ThreadPoolManager - Thread pool 'TaskFinalizer' shutdown completed (hard=false)
Aug-27 12:05:33.782 [main] DEBUG n.trace.WorkflowStatsObserver - Workflow completed > WorkflowStats[succeededCount=6; failedCount=0; ignoredCount=0; cachedCount=0; pendingCount=0; submittedCount=0; runningCount=0; retriesCount=0; abortedCount=0; succeedDuration=1h 21m 4s; failedDuration=0ms; cachedDuration=0ms;loadCpus=0; loadMemory=0; peakRunning=1; peakCpus=15; peakMemory=47 GB; ]
Aug-27 12:05:33.782 [main] DEBUG nextflow.trace.TraceFileObserver - Workflow completed -- saving trace file
Aug-27 12:05:33.784 [main] DEBUG nextflow.trace.ReportObserver - Workflow completed -- rendering execution report
Aug-27 12:05:34.565 [main] DEBUG nextflow.trace.TimelineObserver - Workflow completed -- rendering execution timeline
Aug-27 12:05:34.795 [main] DEBUG nextflow.cache.CacheDB - Closing CacheDB done
Aug-27 12:05:34.821 [main] DEBUG nextflow.util.ThreadPoolManager - Thread pool 'FileTransfer' shutdown completed (hard=false)
Aug-27 12:05:34.822 [main] DEBUG nextflow.script.ScriptRunner - > Execution complete -- Goodbye
